<?xml version="1.0" encoding="UTF-8"?>
<testng-results ignored="0" total="2" passed="2" failed="0" skipped="0">
  <reporter-output>
  </reporter-output>
  <suite started-at="2021-06-24T23:10:04 EDT" name="Default suite" finished-at="2021-06-24T23:10:19 EDT" duration-ms="14865">
    <groups>
    </groups>
    <test started-at="2021-06-24T23:10:04 EDT" name="Default test" finished-at="2021-06-24T23:10:19 EDT" duration-ms="14865">
      <class name="first_Package.Second_class">
        <test-method is-config="true" signature="setUpClass()[pri:0, instance:first_Package.Second_class@74455848]" started-at="2021-06-24T23:10:04 EDT" name="setUpClass" finished-at="2021-06-24T23:10:04 EDT" duration-ms="26" status="PASS">
          <reporter-output>
          </reporter-output>
        </test-method> <!-- setUpClass -->
        <test-method signature="buttons()[pri:0, instance:first_Package.Second_class@74455848]" started-at="2021-06-24T23:10:05 EDT" name="buttons" finished-at="2021-06-24T23:10:14 EDT" duration-ms="9650" status="PASS">
          <reporter-output>
          </reporter-output>
        </test-method> <!-- buttons -->
        <test-method signature="imagess()[pri:0, instance:first_Package.Second_class@74455848]" started-at="2021-06-24T23:10:14 EDT" name="imagess" finished-at="2021-06-24T23:10:19 EDT" duration-ms="5046" status="PASS">
          <reporter-output>
          </reporter-output>
        </test-method> <!-- imagess -->
      </class> <!-- first_Package.Second_class -->
    </test> <!-- Default test -->
  </suite> <!-- Default suite -->
</testng-results>
